=== New Game Session ===
DEBUG: Created MonsterAnimation for prism_elemental
Created PRISM_ELEMENTAL monster at (224, 288)
DEBUG: Created MonsterAnimation for water_spirit
Created WATER_SPIRIT monster at (640, 1120)
DEBUG: Created MonsterAnimation for treant
Created TREANT monster at (1024, 800)
DEBUG: Created MonsterAnimation for merfolk
Created MERFOLK monster at (768, 1088)
DEBUG: Created MonsterAnimation for storm_elemental
Created STORM_ELEMENTAL monster at (1152, 288)
DEBUG: Created MonsterAnimation for kraken
Created KRAKEN monster at (896, 352)
DEBUG: Created MonsterAnimation for steam_golem
Created STEAM_GOLEM monster at (160, 192)
DEBUG: Created MonsterAnimation for siren
Created SIREN monster at (960, 384)
DEBUG: Created MonsterAnimation for demon
Created DEMON monster at (480, 864)
DEBUG: Created MonsterAnimation for leviathan
Created LEVIATHAN monster at (352, 928)
DEBUG: Created MonsterAnimation for arcane_turret
Created ARCANE_TURRET monster at (736, 256)
DEBUG: Created MonsterAnimation for shadow_stalker
Created SHADOW_STALKER monster at (1280, 224)
DEBUG: Created MonsterAnimation for phoenix
Created PHOENIX monster at (192, 1280)
DEBUG: Created MonsterAnimation for wraith
Created WRAITH monster at (352, 512)
DEBUG: Created MonsterAnimation for ice_elemental
Created ICE_ELEMENTAL monster at (1024, 512)
DEBUG: Created MonsterAnimation for vampire
Created VAMPIRE monster at (1248, 800)
DEBUG: Created MonsterAnimation for zombie
Created ZOMBIE monster at (448, 1408)
DEBUG: Created MonsterAnimation for slime
Created SLIME monster at (672, 480)
DEBUG: Created MonsterAnimation for fire_elemental
Created FIRE_ELEMENTAL monster at (1184, 512)
DEBUG: Created MonsterAnimation for clockwork_knight
Created CLOCKWORK_KNIGHT monster at (800, 384)
DEBUG: Created MonsterAnimation for spider
Created SPIDER monster at (352, 960)
DEBUG: Created MonsterAnimation for pixie
Created PIXIE monster at (608, 192)
DEBUG: Created MonsterAnimation for crystal_golem
Created CRYSTAL_GOLEM monster at (288, 160)
DEBUG: Created MonsterAnimation for unicorn
Created UNICORN monster at (1344, 448)
DEBUG: Created MonsterAnimation for nightmare
Created NIGHTMARE monster at (544, 480)
DEBUG: Created MonsterAnimation for wolf
Created WOLF monster at (1312, 608)
DEBUG: Created MonsterAnimation for gem_basilisk
Created GEM_BASILISK monster at (1184, 1408)
DEBUG: Created MonsterAnimation for dryad
Created DRYAD monster at (576, 384)
DEBUG: Created MonsterAnimation for bear
Created BEAR monster at (896, 1088)
DEBUG: Created MonsterAnimation for slime
Created SLIME monster at (416, 928)
